[19-11-2014 08:05:52] PayPal\Core\PPHttpConnection: INFO: POST https://api.sandbox.paypal.com/v1/oauth2/token
[19-11-2014 08:05:52] PayPal\Core\PPHttpConnection: FINE: User-Agent: PayPalSDK/PayPal-PHP-SDK 0.14.2 (lang=PHP;v=5.5.15;bit=32;os=Windows_NT_6.1;machine=i586;openssl=1.0.1h;curl=7.36.0)
[19-11-2014 08:05:52] PayPal\Core\PPHttpConnection: FINE: Authorization: Basic QVE5RjdCQ0QyRUVGal90dGhaeEJmMURHVkx3NzJ1TFlfRkhHdjNGUmxmU1Q3UUpwZmFHZER6UXRMTjZMOkVPZEZhQkIwMmFRNG5YR2gybEdSTlN6UEZaZ2Q0UXQ3U0RoaC1JTEVCZWFsVXktRlZyazlpZ3NTaXpmXw==
[19-11-2014 08:05:52] PayPal\Core\PPHttpConnection: FINE: Accept: */*
[19-11-2014 08:05:52] PayPal\Core\PPHttpConnection: FINE: Payload : grant_type=client_credentials

[19-11-2014 08:05:53] PayPal\Core\PPHttpConnection: INFO: Invalid or no certificate authority found - Retrying using bundled CA certs file
[19-11-2014 08:05:55] PayPal\Core\PPHttpConnection: FINE: Response : {"scope":"openid https://api.paypal.com/v1/payments/.* https://api.paypal.com/v1/vault/credit-card https://api.paypal.com/v1/vault/credit-card/.*","access_token":"A015bR9t2ej33JQ-m61B-d66LdWHuxDyF50gZ7xP8LzQQd8","token_type":"Bearer","app_id":"APP-80W284485P519543T","expires_in":28800}


[19-11-2014 08:05:55] PayPal\Core\PPHttpConnection: INFO: POST https://api.sandbox.paypal.com/v1/payments/payment
[19-11-2014 08:05:55] PayPal\Core\PPHttpConnection: FINE: Content-Type: application/json
[19-11-2014 08:05:55] PayPal\Core\PPHttpConnection: FINE: User-Agent: PayPalSDK/PayPal-PHP-SDK 0.14.2 (lang=PHP;v=5.5.15;bit=32;os=Windows_NT_6.1;machine=i586;openssl=1.0.1h;curl=7.36.0)
[19-11-2014 08:05:55] PayPal\Core\PPHttpConnection: FINE: Authorization: Bearer A015bR9t2ej33JQ-m61B-d66LdWHuxDyF50gZ7xP8LzQQd8
[19-11-2014 08:05:55] PayPal\Core\PPHttpConnection: FINE: PayPal-Request-Id: Payment_1416384352
[19-11-2014 08:05:55] PayPal\Core\PPHttpConnection: FINE: Payload : {"intent":"sale","payer":{"payment_method":"credit_card","funding_instruments":[{"credit_card":{"number":"4032030581484566","type":"visa","expire_month":11,"expire_year":2019,"cvv2":874,"first_name":"Sample","last_name":"Shopper","billing_address":{"line1":"test","line2":"test","city":"Johnson","state":"OH","postal_code":43210,"country_code":"US","phone":"+094586743"}}}]},"transactions":[{"amount":{"currency":"USD","total":"2.00"},"item_list":{"items":[{"name":"test","currency":"USD","quantity":1,"price":"1.00"},{"name":"test","currency":"USD","quantity":1,"price":"1.00"}]},"description":"test"}]}

[19-11-2014 08:05:55] PayPal\Core\PPHttpConnection: INFO: Invalid or no certificate authority found - Retrying using bundled CA certs file
[19-11-2014 08:05:59] PayPal\Core\PPHttpConnection: FINE: Response : {"id":"PAY-42C87424AX009310CKRWE6ZI","create_time":"2014-11-19T08:05:57Z","update_time":"2014-11-19T08:05:59Z","state":"approved","intent":"sale","payer":{"payment_method":"credit_card","funding_instruments":[{"credit_card":{"type":"visa","number":"xxxxxxxxxxxx4566","expire_month":"11","expire_year":"2019","first_name":"Sample","last_name":"Shopper","billing_address":{"line1":"test","line2":"test","city":"Johnson","state":"OH","postal_code":"43210","country_code":"US","phone":"+094586743"}}}]},"transactions":[{"amount":{"total":"2.00","currency":"USD","details":{"subtotal":"2.00"}},"description":"test","item_list":{"items":[{"name":"test","price":"1.00","currency":"USD","quantity":"1"},{"name":"test","price":"1.00","currency":"USD","quantity":"1"}]},"related_resources":[{"sale":{"id":"8C0235150L832042Y","create_time":"2014-11-19T08:05:57Z","update_time":"2014-11-19T08:05:59Z","amount":{"total":"2.00","currency":"USD"},"state":"completed","parent_payment":"PAY-42C87424AX009310CKRWE6ZI","links":[{"href":"https://api.sandbox.paypal.com/v1/payments/sale/8C0235150L832042Y","rel":"self","method":"GET"},{"href":"https://api.sandbox.paypal.com/v1/payments/sale/8C0235150L832042Y/refund","rel":"refund","method":"POST"},{"href":"https://api.sandbox.paypal.com/v1/payments/payment/PAY-42C87424AX009310CKRWE6ZI","rel":"parent_payment","method":"GET"}]}}]}],"links":[{"href":"https://api.sandbox.paypal.com/v1/payments/payment/PAY-42C87424AX009310CKRWE6ZI","rel":"self","method":"GET"}]}


[19-11-2014 08:07:38] PayPal\Core\PPHttpConnection: INFO: POST https://api.sandbox.paypal.com/v1/oauth2/token
[19-11-2014 08:07:38] PayPal\Core\PPHttpConnection: FINE: User-Agent: PayPalSDK/PayPal-PHP-SDK 0.14.2 (lang=PHP;v=5.5.15;bit=32;os=Windows_NT_6.1;machine=i586;openssl=1.0.1h;curl=7.36.0)
[19-11-2014 08:07:38] PayPal\Core\PPHttpConnection: FINE: Authorization: Basic QVE5RjdCQ0QyRUVGal90dGhaeEJmMURHVkx3NzJ1TFlfRkhHdjNGUmxmU1Q3UUpwZmFHZER6UXRMTjZMOkVPZEZhQkIwMmFRNG5YR2gybEdSTlN6UEZaZ2Q0UXQ3U0RoaC1JTEVCZWFsVXktRlZyazlpZ3NTaXpmXw==
[19-11-2014 08:07:38] PayPal\Core\PPHttpConnection: FINE: Accept: */*
[19-11-2014 08:07:38] PayPal\Core\PPHttpConnection: FINE: Payload : grant_type=client_credentials

[19-11-2014 08:07:42] PayPal\Core\PPHttpConnection: INFO: Invalid or no certificate authority found - Retrying using bundled CA certs file
[19-11-2014 08:07:43] PayPal\Core\PPHttpConnection: FINE: Response : {"scope":"openid https://api.paypal.com/v1/payments/.* https://api.paypal.com/v1/vault/credit-card https://api.paypal.com/v1/vault/credit-card/.*","access_token":"A015n9ISBCQoSs.Et5-ImWNEpLWRFQtQJ2Ur6MiCVWpdxnE","token_type":"Bearer","app_id":"APP-80W284485P519543T","expires_in":28800}


[19-11-2014 08:07:43] PayPal\Core\PPHttpConnection: INFO: POST https://api.sandbox.paypal.com/v1/payments/payment
[19-11-2014 08:07:43] PayPal\Core\PPHttpConnection: FINE: Content-Type: application/json
[19-11-2014 08:07:43] PayPal\Core\PPHttpConnection: FINE: User-Agent: PayPalSDK/PayPal-PHP-SDK 0.14.2 (lang=PHP;v=5.5.15;bit=32;os=Windows_NT_6.1;machine=i586;openssl=1.0.1h;curl=7.36.0)
[19-11-2014 08:07:43] PayPal\Core\PPHttpConnection: FINE: Authorization: Bearer A015n9ISBCQoSs.Et5-ImWNEpLWRFQtQJ2Ur6MiCVWpdxnE
[19-11-2014 08:07:43] PayPal\Core\PPHttpConnection: FINE: PayPal-Request-Id: Payment_1416384458
[19-11-2014 08:07:43] PayPal\Core\PPHttpConnection: FINE: Payload : {"intent":"sale","payer":{"payment_method":"credit_card","funding_instruments":[{"credit_card":{"number":"4032030581484566","type":"visa","expire_month":11,"expire_year":2019,"cvv2":874,"first_name":"Sample","last_name":"Shopper","billing_address":{"line1":"test","line2":"test","city":"Johnson","state":"OH","postal_code":43210,"country_code":"US","phone":"+094586743"}}}]},"transactions":[{"amount":{"currency":"USD","total":"2.00"},"item_list":{"items":[{"name":"test","currency":"USD","quantity":1,"price":"1.00"},{"name":"test","currency":"USD","quantity":1,"price":"1.00"}]},"description":"test"}]}

[19-11-2014 08:07:44] PayPal\Core\PPHttpConnection: INFO: Invalid or no certificate authority found - Retrying using bundled CA certs file
[19-11-2014 08:07:47] PayPal\Core\PPHttpConnection: FINE: Response : {"id":"PAY-5K78043123277305GKRWE7UI","create_time":"2014-11-19T08:07:45Z","update_time":"2014-11-19T08:07:47Z","state":"approved","intent":"sale","payer":{"payment_method":"credit_card","funding_instruments":[{"credit_card":{"type":"visa","number":"xxxxxxxxxxxx4566","expire_month":"11","expire_year":"2019","first_name":"Sample","last_name":"Shopper","billing_address":{"line1":"test","line2":"test","city":"Johnson","state":"OH","postal_code":"43210","country_code":"US","phone":"+094586743"}}}]},"transactions":[{"amount":{"total":"2.00","currency":"USD","details":{"subtotal":"2.00"}},"description":"test","item_list":{"items":[{"name":"test","price":"1.00","currency":"USD","quantity":"1"},{"name":"test","price":"1.00","currency":"USD","quantity":"1"}]},"related_resources":[{"sale":{"id":"3M387902VS635961K","create_time":"2014-11-19T08:07:46Z","update_time":"2014-11-19T08:07:47Z","amount":{"total":"2.00","currency":"USD"},"state":"completed","parent_payment":"PAY-5K78043123277305GKRWE7UI","links":[{"href":"https://api.sandbox.paypal.com/v1/payments/sale/3M387902VS635961K","rel":"self","method":"GET"},{"href":"https://api.sandbox.paypal.com/v1/payments/sale/3M387902VS635961K/refund","rel":"refund","method":"POST"},{"href":"https://api.sandbox.paypal.com/v1/payments/payment/PAY-5K78043123277305GKRWE7UI","rel":"parent_payment","method":"GET"}]}}]}],"links":[{"href":"https://api.sandbox.paypal.com/v1/payments/payment/PAY-5K78043123277305GKRWE7UI","rel":"self","method":"GET"}]}


[19-11-2014 08:09:40] PayPal\Core\PPHttpConnection: INFO: POST https://api.sandbox.paypal.com/v1/oauth2/token
[19-11-2014 08:09:40] PayPal\Core\PPHttpConnection: FINE: User-Agent: PayPalSDK/PayPal-PHP-SDK 0.14.2 (lang=PHP;v=5.5.15;bit=32;os=Windows_NT_6.1;machine=i586;openssl=1.0.1h;curl=7.36.0)
[19-11-2014 08:09:40] PayPal\Core\PPHttpConnection: FINE: Authorization: Basic QVE5RjdCQ0QyRUVGal90dGhaeEJmMURHVkx3NzJ1TFlfRkhHdjNGUmxmU1Q3UUpwZmFHZER6UXRMTjZMOkVPZEZhQkIwMmFRNG5YR2gybEdSTlN6UEZaZ2Q0UXQ3U0RoaC1JTEVCZWFsVXktRlZyazlpZ3NTaXpmXw==
[19-11-2014 08:09:40] PayPal\Core\PPHttpConnection: FINE: Accept: */*
[19-11-2014 08:09:40] PayPal\Core\PPHttpConnection: FINE: Payload : grant_type=client_credentials

[19-11-2014 08:09:40] PayPal\Core\PPHttpConnection: INFO: Invalid or no certificate authority found - Retrying using bundled CA certs file
[19-11-2014 08:09:42] PayPal\Core\PPHttpConnection: FINE: Response : {"scope":"openid https://api.paypal.com/v1/payments/.* https://api.paypal.com/v1/vault/credit-card https://api.paypal.com/v1/vault/credit-card/.*","access_token":"A015uudnGP0M85tC5YxYoF-ORKLHNKaplnyBunPW5PDWY6w","token_type":"Bearer","app_id":"APP-80W284485P519543T","expires_in":28800}


[19-11-2014 08:09:42] PayPal\Core\PPHttpConnection: INFO: POST https://api.sandbox.paypal.com/v1/payments/payment
[19-11-2014 08:09:42] PayPal\Core\PPHttpConnection: FINE: Content-Type: application/json
[19-11-2014 08:09:42] PayPal\Core\PPHttpConnection: FINE: User-Agent: PayPalSDK/PayPal-PHP-SDK 0.14.2 (lang=PHP;v=5.5.15;bit=32;os=Windows_NT_6.1;machine=i586;openssl=1.0.1h;curl=7.36.0)
[19-11-2014 08:09:42] PayPal\Core\PPHttpConnection: FINE: Authorization: Bearer A015uudnGP0M85tC5YxYoF-ORKLHNKaplnyBunPW5PDWY6w
[19-11-2014 08:09:42] PayPal\Core\PPHttpConnection: FINE: PayPal-Request-Id: Payment_1416384580
[19-11-2014 08:09:42] PayPal\Core\PPHttpConnection: FINE: Payload : {"intent":"sale","payer":{"payment_method":"paypal"},"redirect_urls":{"return_url":"http://localhost:8000/success","cancel_url":"http://localhost:8000/failed"},"transactions":[{"amount":{"currency":"USD","total":"2.00"},"item_list":{"items":{"items":[{"name":"test","currency":"USD","quantity":1,"price":"1.00"},{"name":"test","currency":"USD","quantity":1,"price":"1.00"}]}},"description":"Sample description here"}]}

[19-11-2014 08:09:43] PayPal\Core\PPHttpConnection: INFO: Invalid or no certificate authority found - Retrying using bundled CA certs file
[19-11-2014 08:09:44] PayPal\Core\PPHttpConnection: FINE: Response : {"name":"MALFORMED_REQUEST","message":"Incoming JSON request does not map to API request","information_link":"https://developer.paypal.com/webapps/developer/docs/api/#MALFORMED_REQUEST","debug_id":"1cf1a52381c03"}


[19-11-2014 08:12:16] PayPal\Core\PPHttpConnection: INFO: POST https://api.sandbox.paypal.com/v1/oauth2/token
[19-11-2014 08:12:16] PayPal\Core\PPHttpConnection: FINE: User-Agent: PayPalSDK/PayPal-PHP-SDK 0.14.2 (lang=PHP;v=5.5.15;bit=32;os=Windows_NT_6.1;machine=i586;openssl=1.0.1h;curl=7.36.0)
[19-11-2014 08:12:16] PayPal\Core\PPHttpConnection: FINE: Authorization: Basic QVE5RjdCQ0QyRUVGal90dGhaeEJmMURHVkx3NzJ1TFlfRkhHdjNGUmxmU1Q3UUpwZmFHZER6UXRMTjZMOkVPZEZhQkIwMmFRNG5YR2gybEdSTlN6UEZaZ2Q0UXQ3U0RoaC1JTEVCZWFsVXktRlZyazlpZ3NTaXpmXw==
[19-11-2014 08:12:16] PayPal\Core\PPHttpConnection: FINE: Accept: */*
[19-11-2014 08:12:16] PayPal\Core\PPHttpConnection: FINE: Payload : grant_type=client_credentials

[19-11-2014 08:12:17] PayPal\Core\PPHttpConnection: INFO: Invalid or no certificate authority found - Retrying using bundled CA certs file
[19-11-2014 08:12:18] PayPal\Core\PPHttpConnection: FINE: Response : {"scope":"openid https://api.paypal.com/v1/payments/.* https://api.paypal.com/v1/vault/credit-card https://api.paypal.com/v1/vault/credit-card/.*","access_token":"A015RfUd71H0FltFMKonB-M.s59-J16pZM.ZFMjzpdEa4QE","token_type":"Bearer","app_id":"APP-80W284485P519543T","expires_in":28800}


[19-11-2014 08:12:18] PayPal\Core\PPHttpConnection: INFO: POST https://api.sandbox.paypal.com/v1/payments/payment
[19-11-2014 08:12:18] PayPal\Core\PPHttpConnection: FINE: Content-Type: application/json
[19-11-2014 08:12:18] PayPal\Core\PPHttpConnection: FINE: User-Agent: PayPalSDK/PayPal-PHP-SDK 0.14.2 (lang=PHP;v=5.5.15;bit=32;os=Windows_NT_6.1;machine=i586;openssl=1.0.1h;curl=7.36.0)
[19-11-2014 08:12:18] PayPal\Core\PPHttpConnection: FINE: Authorization: Bearer A015RfUd71H0FltFMKonB-M.s59-J16pZM.ZFMjzpdEa4QE
[19-11-2014 08:12:18] PayPal\Core\PPHttpConnection: FINE: PayPal-Request-Id: Payment_1416384736
[19-11-2014 08:12:18] PayPal\Core\PPHttpConnection: FINE: Payload : {"intent":"sale","payer":{"payment_method":"paypal"},"redirect_urls":{"return_url":"http://localhost:8000/success","cancel_url":"http://localhost:8000/failed"},"transactions":[{"amount":{"currency":"USD","total":"2.00"},"item_list":{"items":[{"name":"test","currency":"USD","quantity":1,"price":"1.00"},{"name":"test","currency":"USD","quantity":1,"price":"1.00"}]},"description":"Sample description here"}]}

[19-11-2014 08:12:18] PayPal\Core\PPHttpConnection: INFO: Invalid or no certificate authority found - Retrying using bundled CA certs file
[19-11-2014 08:12:20] PayPal\Core\PPHttpConnection: FINE: Response : {"id":"PAY-37N49454E23294143KRWFBYY","create_time":"2014-11-19T08:12:19Z","update_time":"2014-11-19T08:12:20Z","state":"created","intent":"sale","payer":{"payment_method":"paypal","payer_info":{"shipping_address":{}}},"transactions":[{"amount":{"total":"2.00","currency":"USD","details":{"subtotal":"2.00"}},"description":"Sample description here","item_list":{"items":[{"name":"test","price":"1.00","currency":"USD","quantity":"1"},{"name":"test","price":"1.00","currency":"USD","quantity":"1"}]},"related_resources":[]}],"links":[{"href":"https://api.sandbox.paypal.com/v1/payments/payment/PAY-37N49454E23294143KRWFBYY","rel":"self","method":"GET"},{"href":"https://www.sandbox.paypal.com/cgi-bin/webscr?cmd=_express-checkout&token=EC-8YB022438S311043P","rel":"approval_url","method":"REDIRECT"},{"href":"https://api.sandbox.paypal.com/v1/payments/payment/PAY-37N49454E23294143KRWFBYY/execute","rel":"execute","method":"POST"}]}


[19-11-2014 08:14:31] PayPal\Core\PPHttpConnection: INFO: POST https://api.sandbox.paypal.com/v1/oauth2/token
[19-11-2014 08:14:31] PayPal\Core\PPHttpConnection: FINE: User-Agent: PayPalSDK/PayPal-PHP-SDK 0.14.2 (lang=PHP;v=5.5.15;bit=32;os=Windows_NT_6.1;machine=i586;openssl=1.0.1h;curl=7.36.0)
[19-11-2014 08:14:31] PayPal\Core\PPHttpConnection: FINE: Authorization: Basic QVE5RjdCQ0QyRUVGal90dGhaeEJmMURHVkx3NzJ1TFlfRkhHdjNGUmxmU1Q3UUpwZmFHZER6UXRMTjZMOkVPZEZhQkIwMmFRNG5YR2gybEdSTlN6UEZaZ2Q0UXQ3U0RoaC1JTEVCZWFsVXktRlZyazlpZ3NTaXpmXw==
[19-11-2014 08:14:31] PayPal\Core\PPHttpConnection: FINE: Accept: */*
[19-11-2014 08:14:31] PayPal\Core\PPHttpConnection: FINE: Payload : grant_type=client_credentials

[19-11-2014 08:14:32] PayPal\Core\PPHttpConnection: INFO: Invalid or no certificate authority found - Retrying using bundled CA certs file
[19-11-2014 08:14:33] PayPal\Core\PPHttpConnection: FINE: Response : {"scope":"openid https://api.paypal.com/v1/payments/.* https://api.paypal.com/v1/vault/credit-card https://api.paypal.com/v1/vault/credit-card/.*","access_token":"A015Jdcn3RCANGqB6z30TdhkEa9C64PiT89YEq7XLJPQ17Q","token_type":"Bearer","app_id":"APP-80W284485P519543T","expires_in":28800}


[19-11-2014 08:14:33] PayPal\Core\PPHttpConnection: INFO: POST https://api.sandbox.paypal.com/v1/payments/payment
[19-11-2014 08:14:33] PayPal\Core\PPHttpConnection: FINE: Content-Type: application/json
[19-11-2014 08:14:33] PayPal\Core\PPHttpConnection: FINE: User-Agent: PayPalSDK/PayPal-PHP-SDK 0.14.2 (lang=PHP;v=5.5.15;bit=32;os=Windows_NT_6.1;machine=i586;openssl=1.0.1h;curl=7.36.0)
[19-11-2014 08:14:33] PayPal\Core\PPHttpConnection: FINE: Authorization: Bearer A015Jdcn3RCANGqB6z30TdhkEa9C64PiT89YEq7XLJPQ17Q
[19-11-2014 08:14:33] PayPal\Core\PPHttpConnection: FINE: PayPal-Request-Id: Payment_1416384871
[19-11-2014 08:14:33] PayPal\Core\PPHttpConnection: FINE: Payload : {"intent":"sale","payer":{"payment_method":"paypal"},"redirect_urls":{"return_url":"http://localhost:8000/success","cancel_url":"http://localhost:8000/failed"},"transactions":[{"amount":{"currency":"USD","total":"2.00"},"item_list":{"items":[{"name":"test","currency":"USD","quantity":1,"price":"1.00"},{"name":"test","currency":"USD","quantity":1,"price":"1.00"}]},"description":"Sample description here"}]}

[19-11-2014 08:14:34] PayPal\Core\PPHttpConnection: INFO: Invalid or no certificate authority found - Retrying using bundled CA certs file
[19-11-2014 08:14:35] PayPal\Core\PPHttpConnection: FINE: Response : {"id":"PAY-2CU95874SG6299530KRWFC2Y","create_time":"2014-11-19T08:14:35Z","update_time":"2014-11-19T08:14:35Z","state":"created","intent":"sale","payer":{"payment_method":"paypal","payer_info":{"shipping_address":{}}},"transactions":[{"amount":{"total":"2.00","currency":"USD","details":{"subtotal":"2.00"}},"description":"Sample description here","item_list":{"items":[{"name":"test","price":"1.00","currency":"USD","quantity":"1"},{"name":"test","price":"1.00","currency":"USD","quantity":"1"}]},"related_resources":[]}],"links":[{"href":"https://api.sandbox.paypal.com/v1/payments/payment/PAY-2CU95874SG6299530KRWFC2Y","rel":"self","method":"GET"},{"href":"https://www.sandbox.paypal.com/cgi-bin/webscr?cmd=_express-checkout&token=EC-6G5941088M127434E","rel":"approval_url","method":"REDIRECT"},{"href":"https://api.sandbox.paypal.com/v1/payments/payment/PAY-2CU95874SG6299530KRWFC2Y/execute","rel":"execute","method":"POST"}]}


